# Logfile created on Tue May 11 22:16:35 -0500 2010SQL (0.0ms)  SET NAMES 'utf8'
SQL (0.0ms)  SET SQL_AUTO_IS_NULL=0


Processing ActionController::Base#me (for 127.0.0.1 at 2010-05-11 22:17:42) [GET]

NameError (uninitialized constant ApplicationController::ExceptionNotifiable):
  app/controllers/application_controller.rb:9
  app/controllers/users_controller.rb:1
  C:/rubyonrails/ruby/lib/ruby/1.8/webrick/httpserver.rb:104:in `service'
  C:/rubyonrails/ruby/lib/ruby/1.8/webrick/httpserver.rb:65:in `run'
  C:/rubyonrails/ruby/lib/ruby/1.8/webrick/server.rb:173:in `start_thread'
  C:/rubyonrails/ruby/lib/ruby/1.8/webrick/server.rb:162:in `start'
  C:/rubyonrails/ruby/lib/ruby/1.8/webrick/server.rb:162:in `start_thread'
  C:/rubyonrails/ruby/lib/ruby/1.8/webrick/server.rb:95:in `start'
  C:/rubyonrails/ruby/lib/ruby/1.8/webrick/server.rb:92:in `each'
  C:/rubyonrails/ruby/lib/ruby/1.8/webrick/server.rb:92:in `start'
  C:/rubyonrails/ruby/lib/ruby/1.8/webrick/server.rb:23:in `start'
  C:/rubyonrails/ruby/lib/ruby/1.8/webrick/server.rb:82:in `start'
  -e:2:in `load'
  -e:2

Rendered rescues/_trace (121.0ms)
Rendered rescues/_request_and_response (2.0ms)
Rendering rescues/layout (internal_server_error)
SQL (0.0ms)  SET NAMES 'utf8'
SQL (1.0ms)  SET SQL_AUTO_IS_NULL=0


Processing UsersController#me (for 127.0.0.1 at 2010-05-11 22:21:48) [GET]
  Parameters: {"action"=>"me", "controller"=>"users"}
SQL (0.0ms)  SET NAMES 'utf8'
SQL (0.0ms)  SET SQL_AUTO_IS_NULL=0
User Columns (4.0ms)  SHOW FIELDS FROM `users`
Redirected to http://localhost:3000/sign_in
Filter chain halted as [:login_required] rendered_or_redirected.
Completed in 581ms (DB: 1) | 302 Found [http://localhost/]
SQL (0.0ms)  SET NAMES 'utf8'
SQL (0.0ms)  SET SQL_AUTO_IS_NULL=0


Processing UserSessionsController#new (for 127.0.0.1 at 2010-05-11 22:21:49) [GET]
  Parameters: {"action"=>"new", "controller"=>"user_sessions"}
SQL (0.0ms)  SET NAMES 'utf8'
SQL (0.0ms)  SET SQL_AUTO_IS_NULL=0
User Columns (5.0ms)  SHOW FIELDS FROM `users`
Rendering template within layouts/application
Rendering user_sessions/new
Rendered layouts/_top_bar (8.0ms)
Rendered layouts/_logo_box (4.0ms)
Rendered layouts/_header (6.0ms)
Rendered layouts/_old_browser (4.0ms)
Completed in 364ms (View: 211, DB: 0) | 200 OK [http://localhost/sign_in]
SQL (9.0ms)  SET NAMES 'utf8'
SQL (0.0ms)  SET SQL_AUTO_IS_NULL=0


Processing ApplicationController#index (for 127.0.0.1 at 2010-05-11 22:21:50) [GET]
Redirected to http://localhost:3000/
SQL (0.0ms)  SET NAMES 'utf8'
SQL (1.0ms)  SET SQL_AUTO_IS_NULL=0


Processing UsersController#me (for 127.0.0.1 at 2010-05-11 22:21:51) [GET]
  Parameters: {"action"=>"me", "controller"=>"users"}
SQL (0.0ms)  SET NAMES 'utf8'
SQL (0.0ms)  SET SQL_AUTO_IS_NULL=0
User Columns (4.0ms)  SHOW FIELDS FROM `users`
Redirected to http://localhost:3000/sign_in
Filter chain halted as [:login_required] rendered_or_redirected.
Completed in 150ms (DB: 1) | 302 Found [http://localhost/]
SQL (0.0ms)  SET NAMES 'utf8'
SQL (1.0ms)  SET SQL_AUTO_IS_NULL=0


Processing UserSessionsController#new (for 127.0.0.1 at 2010-05-11 22:21:51) [GET]
  Parameters: {"action"=>"new", "controller"=>"user_sessions"}
SQL (0.0ms)  SET NAMES 'utf8'
SQL (0.0ms)  SET SQL_AUTO_IS_NULL=0
User Columns (4.0ms)  SHOW FIELDS FROM `users`
Rendering template within layouts/application
Rendering user_sessions/new
Rendered layouts/_top_bar (1.0ms)
Rendered layouts/_logo_box (1.0ms)
Rendered layouts/_header (0.0ms)
Rendered layouts/_old_browser (0.0ms)
Completed in 197ms (View: 25, DB: 1) | 200 OK [http://localhost/sign_in]
SQL (1.0ms)  SET NAMES 'utf8'
SQL (0.0ms)  SET SQL_AUTO_IS_NULL=0


Processing UserSessionsController#create (for 127.0.0.1 at 2010-05-11 22:21:57) [POST]
  Parameters: {"commit"=>"Sign in", "user_session"=>{"username"=>"dummy", "password"=>"[FILTERED]"}, "action"=>"create", "authenticity_token"=>"UnZD4Nu2mj3nnzrSczdi1QkKmSfSUL0AVHCoR2rg1n8=", "controller"=>"user_sessions"}
SQL (0.0ms)  SET NAMES 'utf8'
SQL (0.0ms)  SET SQL_AUTO_IS_NULL=0
User Columns (5.0ms)  SHOW FIELDS FROM `users`
User Load (1.0ms)  SELECT * FROM `users` WHERE (`users`.`username` = 'dummy') LIMIT 1
SQL (0.0ms)  BEGIN
User Update (0.0ms)  UPDATE `users` SET `updated_at` = '2010-05-12 03:21:57', `perishable_token` = 'weDXB4OHzpQZ-va30VPq' WHERE `id` = 1
SQL (16.0ms)  COMMIT
Redirected to http://localhost:3000/
Completed in 305ms (DB: 1) | 302 Found [http://localhost/sign_in]
SQL (0.0ms)  SET NAMES 'utf8'
SQL (0.0ms)  SET SQL_AUTO_IS_NULL=0


Processing UsersController#me (for 127.0.0.1 at 2010-05-11 22:21:57) [GET]
  Parameters: {"action"=>"me", "controller"=>"users"}
SQL (1.0ms)  SET NAMES 'utf8'
SQL (0.0ms)  SET SQL_AUTO_IS_NULL=0
User Columns (4.0ms)  SHOW FIELDS FROM `users`
User Load (1.0ms)  SELECT * FROM `users` WHERE (`users`.`id` = '1') LIMIT 1
SQL (1.0ms)  SET NAMES 'utf8'
SQL (0.0ms)  SET SQL_AUTO_IS_NULL=0
Decode Load (2.0ms)  SELECT * FROM `decodes` ORDER BY sort_order
Decode Columns (4.0ms)  SHOW FIELDS FROM `decodes`
Decode Load (1.0ms)  SELECT * FROM `decodes` WHERE (`decodes`.`name` = 'OP_Phone_Type') ORDER BY sort_order
SQL (0.0ms)  SET NAMES 'utf8'
SQL (1.0ms)  SET SQL_AUTO_IS_NULL=0
Ucontact Load (1.0ms)  SELECT * FROM `ucontacts` WHERE (`ucontacts`.user_id = 1) LIMIT 1
Ucontact Columns (5.0ms)  SHOW FIELDS FROM `ucontacts`
Rendering template within layouts/application
Rendering users/show
OrganizationRole Load (34.0ms)  SELECT * FROM `mc_development`.`organization_roles` WHERE (`mc_development`.`organization_roles`.`user_id` = 1) 
OrganizationRole Columns (4.0ms)  SHOW FIELDS FROM `mc_development`.`organization_roles`
Decode Load (1.0ms)  SELECT * FROM `decodes` WHERE (`decodes`.`name` = 'MC_Org_Status') ORDER BY sort_order
Organization Columns (29.0ms)  SHOW FIELDS FROM `organizations`
Organization Load (12.0ms)  SELECT * FROM `organizations` WHERE (`organizations`.`id` IN (6,7,8,9,1,2,3,10,4,5)) 
Rendered organizations/_my (254.0ms)
SQL (0.0ms)  SET NAMES 'utf8'
SQL (0.0ms)  SET SQL_AUTO_IS_NULL=0
Usr Load (1.0ms)  SELECT * FROM `usrs` WHERE (`usrs`.user_id = 1) LIMIT 1
Usr Columns (4.0ms)  SHOW FIELDS FROM `usrs`
Rendered layouts/_top_bar (126.0ms)
Rendered layouts/_logo_box (2.0ms)
User Load (1.0ms)  SELECT * FROM `users` WHERE (`users`.`id` = 1) 
Rendered layouts/_header (4.0ms)
Rendered layouts/_old_browser (0.0ms)
Completed in 926ms (View: 345, DB: 79) | 200 OK [http://localhost/]
SQL (0.0ms)  SET NAMES 'utf8'
SQL (1.0ms)  SET SQL_AUTO_IS_NULL=0


Processing ApplicationController#index (for 127.0.0.1 at 2010-05-11 22:21:59) [GET]
Redirected to http://localhost:3000/
SQL (0.0ms)  SET NAMES 'utf8'
SQL (1.0ms)  SET SQL_AUTO_IS_NULL=0


Processing UsersController#me (for 127.0.0.1 at 2010-05-11 22:21:59) [GET]
  Parameters: {"action"=>"me", "controller"=>"users"}
SQL (1.0ms)  SET NAMES 'utf8'
SQL (0.0ms)  SET SQL_AUTO_IS_NULL=0
User Columns (4.0ms)  SHOW FIELDS FROM `users`
User Load (1.0ms)  SELECT * FROM `users` WHERE (`users`.`id` = '1') LIMIT 1
SQL (0.0ms)  SET NAMES 'utf8'
SQL (0.0ms)  SET SQL_AUTO_IS_NULL=0
Decode Load (1.0ms)  SELECT * FROM `decodes` ORDER BY sort_order
Decode Columns (4.0ms)  SHOW FIELDS FROM `decodes`
Decode Load (1.0ms)  SELECT * FROM `decodes` WHERE (`decodes`.`name` = 'OP_Phone_Type') ORDER BY sort_order
SQL (1.0ms)  SET NAMES 'utf8'
SQL (1.0ms)  SET SQL_AUTO_IS_NULL=0
Ucontact Load (1.0ms)  SELECT * FROM `ucontacts` WHERE (`ucontacts`.user_id = 1) LIMIT 1
Ucontact Columns (4.0ms)  SHOW FIELDS FROM `ucontacts`
Rendering template within layouts/application
Rendering users/show
OrganizationRole Load (0.0ms)  SELECT * FROM `mc_development`.`organization_roles` WHERE (`mc_development`.`organization_roles`.`user_id` = 1) 
OrganizationRole Columns (4.0ms)  SHOW FIELDS FROM `mc_development`.`organization_roles`
Decode Load (1.0ms)  SELECT * FROM `decodes` WHERE (`decodes`.`name` = 'MC_Org_Status') ORDER BY sort_order
Organization Columns (3.0ms)  SHOW FIELDS FROM `organizations`
Organization Load (13.0ms)  SELECT * FROM `organizations` WHERE (`organizations`.`id` IN (6,7,8,9,1,2,3,10,4,5)) 
Rendered organizations/_my (84.0ms)
SQL (0.0ms)  SET NAMES 'utf8'
SQL (0.0ms)  SET SQL_AUTO_IS_NULL=0
Usr Load (1.0ms)  SELECT * FROM `usrs` WHERE (`usrs`.user_id = 1) LIMIT 1
Usr Columns (4.0ms)  SHOW FIELDS FROM `usrs`
Rendered layouts/_top_bar (130.0ms)
Rendered layouts/_logo_box (1.0ms)
User Load (0.0ms)  SELECT * FROM `users` WHERE (`users`.`id` = 1) 
Rendered layouts/_header (3.0ms)
Rendered layouts/_old_browser (1.0ms)
Completed in 752ms (View: 211, DB: 21) | 200 OK [http://localhost/]
SQL (0.0ms)  SET NAMES 'utf8'
SQL (1.0ms)  SET SQL_AUTO_IS_NULL=0


Processing OrganizationsController#show (for 127.0.0.1 at 2010-05-11 22:22:05) [GET]
  Parameters: {"action"=>"show", "id"=>"eJxj4VCSDE8rcvcqL_A1SUxJinJJ8Q0uDzIGAFDmBzU|2e4f943b62a673175c6d77adc131203e3f2bf2f6", "controller"=>"organizations"}
SQL (0.0ms)  SET NAMES 'utf8'
SQL (0.0ms)  SET SQL_AUTO_IS_NULL=0
User Columns (4.0ms)  SHOW FIELDS FROM `users`
User Load (0.0ms)  SELECT * FROM `users` WHERE (`users`.`id` = '1') LIMIT 1
SQL (0.0ms)  SET NAMES 'utf8'
SQL (0.0ms)  SET SQL_AUTO_IS_NULL=0
Decode Load (0.0ms)  SELECT * FROM `decodes` ORDER BY sort_order
Decode Columns (5.0ms)  SHOW FIELDS FROM `decodes`
Decode Load (1.0ms)  SELECT * FROM `decodes` WHERE (`decodes`.`name` = 'OP_Phone_Type') ORDER BY sort_order
SQL (0.0ms)  SET NAMES 'utf8'
SQL (1.0ms)  SET SQL_AUTO_IS_NULL=0
Ucontact Load (1.0ms)  SELECT * FROM `ucontacts` WHERE (`ucontacts`.user_id = 1) LIMIT 1
Ucontact Columns (4.0ms)  SHOW FIELDS FROM `ucontacts`
Decode Load (1.0ms)  SELECT * FROM `decodes` WHERE (`decodes`.`name` = 'MC_Org_Status') ORDER BY sort_order
Organization Columns (5.0ms)  SHOW FIELDS FROM `organizations`
Organization Load (11.0ms)  SELECT * FROM `organizations` WHERE (`organizations`.`hashkey` = 'WfrGJwpM4adbZDdMSwR3') LIMIT 1
OrganizationRole Load (0.0ms)  SELECT * FROM `mc_development`.`organization_roles` WHERE (`mc_development`.`organization_roles`.organization_id = 1 AND (`mc_development`.`organization_roles`.`user_id` = 1)) LIMIT 1
Rendering template within layouts/application
Rendering organizations/show
OrganizationRole Load (1.0ms)  SELECT * FROM `mc_development`.`organization_roles` WHERE (`mc_development`.`organization_roles`.`user_id` = 1) 
OrganizationRole Columns (4.0ms)  SHOW FIELDS FROM `mc_development`.`organization_roles`
Organization Load (1.0ms)  SELECT * FROM `organizations` WHERE (`organizations`.`id` IN (6,7,8,9,1,2,3,10,4,5)) 
Rendered organizations/_my (114.0ms)
User Load (1.0ms)  SELECT * FROM `users` WHERE (`users`.`id` = 1) 
SQL (0.0ms)  SET NAMES 'utf8'
SQL (0.0ms)  SET SQL_AUTO_IS_NULL=0
Usr Load (0.0ms)  SELECT * FROM `usrs` WHERE (`usrs`.user_id = 1) LIMIT 1
Usr Columns (4.0ms)  SHOW FIELDS FROM `usrs`
Usr Load (1.0ms)  SELECT * FROM `usrs` WHERE (`usrs`.user_id = 1) LIMIT 1
Rendered layouts/_top_bar (8.0ms)
Rendered layouts/_logo_box (2.0ms)
Rendered layouts/_header (3.0ms)
Rendered layouts/_old_browser (0.0ms)
Completed in 789ms (View: 283, DB: 23) | 200 OK [http://localhost/organizations/eJxj4VCSDE8rcvcqL_A1SUxJinJJ8Q0uDzIGAFDmBzU%7C2e4f943b62a673175c6d77adc131203e3f2bf2f6]
SQL (0.0ms)  SET NAMES 'utf8'
SQL (0.0ms)  SET SQL_AUTO_IS_NULL=0


Processing ApplicationController#index (for 127.0.0.1 at 2010-05-11 22:22:06) [GET]
Redirected to http://localhost:3000/
SQL (0.0ms)  SET NAMES 'utf8'
SQL (0.0ms)  SET SQL_AUTO_IS_NULL=0


Processing UsersController#me (for 127.0.0.1 at 2010-05-11 22:22:07) [GET]
  Parameters: {"action"=>"me", "controller"=>"users"}
SQL (0.0ms)  SET NAMES 'utf8'
SQL (0.0ms)  SET SQL_AUTO_IS_NULL=0
User Columns (5.0ms)  SHOW FIELDS FROM `users`
User Load (0.0ms)  SELECT * FROM `users` WHERE (`users`.`id` = '1') LIMIT 1
SQL (0.0ms)  SET NAMES 'utf8'
SQL (1.0ms)  SET SQL_AUTO_IS_NULL=0
Decode Load (1.0ms)  SELECT * FROM `decodes` ORDER BY sort_order
Decode Columns (5.0ms)  SHOW FIELDS FROM `decodes`
Decode Load (0.0ms)  SELECT * FROM `decodes` WHERE (`decodes`.`name` = 'OP_Phone_Type') ORDER BY sort_order
SQL (0.0ms)  SET NAMES 'utf8'
SQL (0.0ms)  SET SQL_AUTO_IS_NULL=0
Ucontact Load (1.0ms)  SELECT * FROM `ucontacts` WHERE (`ucontacts`.user_id = 1) LIMIT 1
Ucontact Columns (4.0ms)  SHOW FIELDS FROM `ucontacts`
Rendering template within layouts/application
Rendering users/show
OrganizationRole Load (0.0ms)  SELECT * FROM `mc_development`.`organization_roles` WHERE (`mc_development`.`organization_roles`.`user_id` = 1) 
OrganizationRole Columns (5.0ms)  SHOW FIELDS FROM `mc_development`.`organization_roles`
Decode Load (0.0ms)  SELECT * FROM `decodes` WHERE (`decodes`.`name` = 'MC_Org_Status') ORDER BY sort_order
Organization Columns (3.0ms)  SHOW FIELDS FROM `organizations`
Organization Load (13.0ms)  SELECT * FROM `organizations` WHERE (`organizations`.`id` IN (6,7,8,9,1,2,3,10,4,5)) 
Rendered organizations/_my (111.0ms)
SQL (1.0ms)  SET NAMES 'utf8'
SQL (1.0ms)  SET SQL_AUTO_IS_NULL=0
Usr Load (0.0ms)  SELECT * FROM `usrs` WHERE (`usrs`.user_id = 1) LIMIT 1
Usr Columns (4.0ms)  SHOW FIELDS FROM `usrs`
Rendered layouts/_top_bar (137.0ms)
Rendered layouts/_logo_box (1.0ms)
User Load (1.0ms)  SELECT * FROM `users` WHERE (`users`.`id` = 1) 
Rendered layouts/_header (5.0ms)
Rendered layouts/_old_browser (0.0ms)
Completed in 871ms (View: 261, DB: 21) | 200 OK [http://localhost/]
SQL (0.0ms)  SET NAMES 'utf8'
SQL (0.0ms)  SET SQL_AUTO_IS_NULL=0


Processing ApplicationController#index (for 127.0.0.1 at 2010-05-11 22:22:10) [GET]
  Parameters: {"action"=>"index", "controller"=>"organization_roles", "organization_id"=>"eJxj4VCSDE8rcvcqL_A1SUxJinJJ8Q0uDzIGAFDmBzU|2e4f943b62a673175c6d77adc131203e3f2bf2f6"}

NameError (uninitialized constant OrganizationRolesController):
  C:/rubyonrails/ruby/lib/ruby/1.8/webrick/httpserver.rb:104:in `service'
  C:/rubyonrails/ruby/lib/ruby/1.8/webrick/httpserver.rb:65:in `run'
  C:/rubyonrails/ruby/lib/ruby/1.8/webrick/server.rb:173:in `start_thread'
  C:/rubyonrails/ruby/lib/ruby/1.8/webrick/server.rb:162:in `start'
  C:/rubyonrails/ruby/lib/ruby/1.8/webrick/server.rb:162:in `start_thread'
  C:/rubyonrails/ruby/lib/ruby/1.8/webrick/server.rb:95:in `start'
  C:/rubyonrails/ruby/lib/ruby/1.8/webrick/server.rb:92:in `each'
  C:/rubyonrails/ruby/lib/ruby/1.8/webrick/server.rb:92:in `start'
  C:/rubyonrails/ruby/lib/ruby/1.8/webrick/server.rb:23:in `start'
  C:/rubyonrails/ruby/lib/ruby/1.8/webrick/server.rb:82:in `start'
  -e:2:in `load'
  -e:2

Rendered rescues/_trace (145.0ms)
Rendered rescues/_request_and_response (4.0ms)
Rendering rescues/layout (internal_server_error)
SQL (0.0ms)  SET NAMES 'utf8'
SQL (0.0ms)  SET SQL_AUTO_IS_NULL=0


Processing ApplicationController#index (for 127.0.0.1 at 2010-05-11 22:22:15) [GET]
Redirected to http://localhost:3000/
SQL (0.0ms)  SET NAMES 'utf8'
SQL (0.0ms)  SET SQL_AUTO_IS_NULL=0


Processing UsersController#me (for 127.0.0.1 at 2010-05-11 22:22:15) [GET]
  Parameters: {"action"=>"me", "controller"=>"users"}
SQL (0.0ms)  SET NAMES 'utf8'
SQL (0.0ms)  SET SQL_AUTO_IS_NULL=0
User Columns (5.0ms)  SHOW FIELDS FROM `users`
User Load (0.0ms)  SELECT * FROM `users` WHERE (`users`.`id` = '1') LIMIT 1
SQL (0.0ms)  SET NAMES 'utf8'
SQL (0.0ms)  SET SQL_AUTO_IS_NULL=0
Decode Load (1.0ms)  SELECT * FROM `decodes` ORDER BY sort_order
Decode Columns (4.0ms)  SHOW FIELDS FROM `decodes`
Decode Load (1.0ms)  SELECT * FROM `decodes` WHERE (`decodes`.`name` = 'OP_Phone_Type') ORDER BY sort_order
SQL (0.0ms)  SET NAMES 'utf8'
SQL (1.0ms)  SET SQL_AUTO_IS_NULL=0
Ucontact Load (0.0ms)  SELECT * FROM `ucontacts` WHERE (`ucontacts`.user_id = 1) LIMIT 1
Ucontact Columns (5.0ms)  SHOW FIELDS FROM `ucontacts`
Rendering template within layouts/application
Rendering users/show
OrganizationRole Load (1.0ms)  SELECT * FROM `mc_development`.`organization_roles` WHERE (`mc_development`.`organization_roles`.`user_id` = 1) 
OrganizationRole Columns (4.0ms)  SHOW FIELDS FROM `mc_development`.`organization_roles`
Decode Load (0.0ms)  SELECT * FROM `decodes` WHERE (`decodes`.`name` = 'MC_Org_Status') ORDER BY sort_order
Organization Columns (3.0ms)  SHOW FIELDS FROM `organizations`
Organization Load (11.0ms)  SELECT * FROM `organizations` WHERE (`organizations`.`id` IN (6,7,8,9,1,2,3,10,4,5)) 
Rendered organizations/_my (189.0ms)
SQL (0.0ms)  SET NAMES 'utf8'
SQL (0.0ms)  SET SQL_AUTO_IS_NULL=0
Usr Load (0.0ms)  SELECT * FROM `usrs` WHERE (`usrs`.user_id = 1) LIMIT 1
Usr Columns (5.0ms)  SHOW FIELDS FROM `usrs`
Rendered layouts/_top_bar (136.0ms)
Rendered layouts/_logo_box (2.0ms)
User Load (1.0ms)  SELECT * FROM `users` WHERE (`users`.`id` = 1) 
Rendered layouts/_header (5.0ms)
Rendered layouts/_old_browser (0.0ms)
Completed in 869ms (View: 339, DB: 19) | 200 OK [http://localhost/]
SQL (0.0ms)  SET NAMES 'utf8'
SQL (1.0ms)  SET SQL_AUTO_IS_NULL=0


Processing OrganizationsController#edit (for 127.0.0.1 at 2010-05-11 22:22:18) [GET]
  Parameters: {"action"=>"edit", "id"=>"eJxj4VCSDE8rcvcqL_A1SUxJinJJ8Q0uDzIGAFDmBzU|2e4f943b62a673175c6d77adc131203e3f2bf2f6", "controller"=>"organizations"}
SQL (0.0ms)  SET NAMES 'utf8'
SQL (0.0ms)  SET SQL_AUTO_IS_NULL=0
User Columns (4.0ms)  SHOW FIELDS FROM `users`
User Load (0.0ms)  SELECT * FROM `users` WHERE (`users`.`id` = '1') LIMIT 1
SQL (1.0ms)  SET NAMES 'utf8'
SQL (1.0ms)  SET SQL_AUTO_IS_NULL=0
Decode Load (1.0ms)  SELECT * FROM `decodes` ORDER BY sort_order
Decode Columns (4.0ms)  SHOW FIELDS FROM `decodes`
Decode Load (0.0ms)  SELECT * FROM `decodes` WHERE (`decodes`.`name` = 'OP_Phone_Type') ORDER BY sort_order
SQL (0.0ms)  SET NAMES 'utf8'
SQL (0.0ms)  SET SQL_AUTO_IS_NULL=0
Ucontact Load (1.0ms)  SELECT * FROM `ucontacts` WHERE (`ucontacts`.user_id = 1) LIMIT 1
Ucontact Columns (5.0ms)  SHOW FIELDS FROM `ucontacts`
Decode Load (1.0ms)  SELECT * FROM `decodes` WHERE (`decodes`.`name` = 'MC_Org_Status') ORDER BY sort_order
Organization Columns (5.0ms)  SHOW FIELDS FROM `organizations`
Organization Load (11.0ms)  SELECT * FROM `organizations` WHERE (`organizations`.`hashkey` = 'WfrGJwpM4adbZDdMSwR3') LIMIT 1
OrganizationRole Load (1.0ms)  SELECT * FROM `mc_development`.`organization_roles` WHERE (`mc_development`.`organization_roles`.organization_id = 1 AND (`mc_development`.`organization_roles`.`user_id` = 1 AND `mc_development`.`organization_roles`.`name` = 'O')) LIMIT 1
Rendering template within layouts/application
Rendering organizations/edit
Rendered organizations/_form (17.0ms)
SQL (1.0ms)  SET NAMES 'utf8'
SQL (0.0ms)  SET SQL_AUTO_IS_NULL=0
Usr Load (1.0ms)  SELECT * FROM `usrs` WHERE (`usrs`.user_id = 1) LIMIT 1
Usr Columns (4.0ms)  SHOW FIELDS FROM `usrs`
Rendered layouts/_top_bar (218.0ms)
Rendered layouts/_logo_box (3.0ms)
Rendered layouts/_header (4.0ms)
Rendered layouts/_old_browser (1.0ms)
Completed in 869ms (View: 296, DB: 18) | 200 OK [http://localhost/organizations/eJxj4VCSDE8rcvcqL_A1SUxJinJJ8Q0uDzIGAFDmBzU%7C2e4f943b62a673175c6d77adc131203e3f2bf2f6/edit]
SQL (1.0ms)  SET NAMES 'utf8'
SQL (1.0ms)  SET SQL_AUTO_IS_NULL=0


Processing ApplicationController#index (for 127.0.0.1 at 2010-05-11 22:22:19) [GET]
Redirected to http://localhost:3000/
SQL (0.0ms)  SET NAMES 'utf8'
SQL (0.0ms)  SET SQL_AUTO_IS_NULL=0


Processing UsersController#me (for 127.0.0.1 at 2010-05-11 22:22:19) [GET]
  Parameters: {"action"=>"me", "controller"=>"users"}
SQL (0.0ms)  SET NAMES 'utf8'
SQL (0.0ms)  SET SQL_AUTO_IS_NULL=0
User Columns (4.0ms)  SHOW FIELDS FROM `users`
User Load (1.0ms)  SELECT * FROM `users` WHERE (`users`.`id` = '1') LIMIT 1
SQL (0.0ms)  SET NAMES 'utf8'
SQL (0.0ms)  SET SQL_AUTO_IS_NULL=0
Decode Load (1.0ms)  SELECT * FROM `decodes` ORDER BY sort_order
Decode Columns (5.0ms)  SHOW FIELDS FROM `decodes`
Decode Load (0.0ms)  SELECT * FROM `decodes` WHERE (`decodes`.`name` = 'OP_Phone_Type') ORDER BY sort_order
SQL (0.0ms)  SET NAMES 'utf8'
SQL (0.0ms)  SET SQL_AUTO_IS_NULL=0
Ucontact Load (0.0ms)  SELECT * FROM `ucontacts` WHERE (`ucontacts`.user_id = 1) LIMIT 1
Ucontact Columns (5.0ms)  SHOW FIELDS FROM `ucontacts`
Rendering template within layouts/application
Rendering users/show
OrganizationRole Load (1.0ms)  SELECT * FROM `mc_development`.`organization_roles` WHERE (`mc_development`.`organization_roles`.`user_id` = 1) 
OrganizationRole Columns (4.0ms)  SHOW FIELDS FROM `mc_development`.`organization_roles`
Decode Load (1.0ms)  SELECT * FROM `decodes` WHERE (`decodes`.`name` = 'MC_Org_Status') ORDER BY sort_order
Organization Columns (4.0ms)  SHOW FIELDS FROM `organizations`
Organization Load (13.0ms)  SELECT * FROM `organizations` WHERE (`organizations`.`id` IN (6,7,8,9,1,2,3,10,4,5)) 
Rendered organizations/_my (201.0ms)
SQL (0.0ms)  SET NAMES 'utf8'
SQL (0.0ms)  SET SQL_AUTO_IS_NULL=0
Usr Load (0.0ms)  SELECT * FROM `usrs` WHERE (`usrs`.user_id = 1) LIMIT 1
Usr Columns (5.0ms)  SHOW FIELDS FROM `usrs`
Rendered layouts/_top_bar (131.0ms)
Rendered layouts/_logo_box (3.0ms)
User Load (0.0ms)  SELECT * FROM `users` WHERE (`users`.`id` = 1) 
Rendered layouts/_header (4.0ms)
Rendered layouts/_old_browser (0.0ms)
Completed in 855ms (View: 344, DB: 22) | 200 OK [http://localhost/]
SQL (0.0ms)  SET NAMES 'utf8'
SQL (0.0ms)  SET SQL_AUTO_IS_NULL=0


Processing UsersController#me (for 127.0.0.1 at 2010-05-11 22:23:48) [GET]
  Parameters: {"action"=>"me", "controller"=>"users"}
SQL (0.0ms)  SET NAMES 'utf8'
SQL (0.0ms)  SET SQL_AUTO_IS_NULL=0
User Columns (4.0ms)  SHOW FIELDS FROM `users`
User Load (1.0ms)  SELECT * FROM `users` WHERE (`users`.`id` = '1') LIMIT 1
SQL (0.0ms)  SET NAMES 'utf8'
SQL (1.0ms)  SET SQL_AUTO_IS_NULL=0
Decode Load (1.0ms)  SELECT * FROM `decodes` ORDER BY sort_order
Decode Columns (6.0ms)  SHOW FIELDS FROM `decodes`
Decode Load (0.0ms)  SELECT * FROM `decodes` WHERE (`decodes`.`name` = 'OP_Phone_Type') ORDER BY sort_order
SQL (0.0ms)  SET NAMES 'utf8'
SQL (0.0ms)  SET SQL_AUTO_IS_NULL=0
Ucontact Load (1.0ms)  SELECT * FROM `ucontacts` WHERE (`ucontacts`.user_id = 1) LIMIT 1
Ucontact Columns (5.0ms)  SHOW FIELDS FROM `ucontacts`
Rendering template within layouts/application
Rendering users/show
OrganizationRole Load (1.0ms)  SELECT * FROM `mc_development`.`organization_roles` WHERE (`mc_development`.`organization_roles`.`user_id` = 1) 
OrganizationRole Columns (10.0ms)  SHOW FIELDS FROM `mc_development`.`organization_roles`
Decode Load (1.0ms)  SELECT * FROM `decodes` WHERE (`decodes`.`name` = 'MC_Org_Status') ORDER BY sort_order
Organization Columns (5.0ms)  SHOW FIELDS FROM `organizations`
Organization Load (15.0ms)  SELECT * FROM `organizations` WHERE (`organizations`.`id` IN (6,7,8,9,1,2,3,10,4,5)) 
Rendered organizations/_my (192.0ms)
SQL (1.0ms)  SET NAMES 'utf8'
SQL (0.0ms)  SET SQL_AUTO_IS_NULL=0
Usr Load (2.0ms)  SELECT * FROM `usrs` WHERE (`usrs`.user_id = 1) LIMIT 1
Usr Columns (4.0ms)  SHOW FIELDS FROM `usrs`
Rendered layouts/_top_bar (133.0ms)
Rendered layouts/_logo_box (1.0ms)
User Load (2.0ms)  SELECT * FROM `users` WHERE (`users`.`id` = 1) 
Rendered layouts/_header (9.0ms)
Rendered layouts/_old_browser (0.0ms)
Completed in 888ms (View: 320, DB: 31) | 200 OK [http://localhost/]
SQL (0.0ms)  SET NAMES 'utf8'
SQL (0.0ms)  SET SQL_AUTO_IS_NULL=0


Processing ApplicationController#index (for 127.0.0.1 at 2010-05-11 22:23:50) [GET]
Redirected to http://localhost:3000/
SQL (0.0ms)  SET NAMES 'utf8'
SQL (0.0ms)  SET SQL_AUTO_IS_NULL=0


Processing UsersController#me (for 127.0.0.1 at 2010-05-11 22:23:50) [GET]
  Parameters: {"action"=>"me", "controller"=>"users"}
SQL (0.0ms)  SET NAMES 'utf8'
SQL (0.0ms)  SET SQL_AUTO_IS_NULL=0
User Columns (4.0ms)  SHOW FIELDS FROM `users`
User Load (1.0ms)  SELECT * FROM `users` WHERE (`users`.`id` = '1') LIMIT 1
SQL (0.0ms)  SET NAMES 'utf8'
SQL (0.0ms)  SET SQL_AUTO_IS_NULL=0
Decode Load (1.0ms)  SELECT * FROM `decodes` ORDER BY sort_order
Decode Columns (4.0ms)  SHOW FIELDS FROM `decodes`
Decode Load (6.0ms)  SELECT * FROM `decodes` WHERE (`decodes`.`name` = 'OP_Phone_Type') ORDER BY sort_order
SQL (1.0ms)  SET NAMES 'utf8'
SQL (1.0ms)  SET SQL_AUTO_IS_NULL=0
Ucontact Load (1.0ms)  SELECT * FROM `ucontacts` WHERE (`ucontacts`.user_id = 1) LIMIT 1
Ucontact Columns (5.0ms)  SHOW FIELDS FROM `ucontacts`
Rendering template within layouts/application
Rendering users/show
OrganizationRole Load (1.0ms)  SELECT * FROM `mc_development`.`organization_roles` WHERE (`mc_development`.`organization_roles`.`user_id` = 1) 
OrganizationRole Columns (6.0ms)  SHOW FIELDS FROM `mc_development`.`organization_roles`
Decode Load (0.0ms)  SELECT * FROM `decodes` WHERE (`decodes`.`name` = 'MC_Org_Status') ORDER BY sort_order
Organization Columns (4.0ms)  SHOW FIELDS FROM `organizations`
Organization Load (21.0ms)  SELECT * FROM `organizations` WHERE (`organizations`.`id` IN (6,7,8,9,1,2,3,10,4,5)) 
Rendered organizations/_my (112.0ms)
SQL (0.0ms)  SET NAMES 'utf8'
SQL (0.0ms)  SET SQL_AUTO_IS_NULL=0
Usr Load (1.0ms)  SELECT * FROM `usrs` WHERE (`usrs`.user_id = 1) LIMIT 1
Usr Columns (5.0ms)  SHOW FIELDS FROM `usrs`
Rendered layouts/_top_bar (129.0ms)
Rendered layouts/_logo_box (1.0ms)
User Load (0.0ms)  SELECT * FROM `users` WHERE (`users`.`id` = 1) 
Rendered layouts/_header (8.0ms)
Rendered layouts/_old_browser (0.0ms)
Completed in 906ms (View: 240, DB: 32) | 200 OK [http://localhost/]
